[ 2017-09-05T17:11:02+08:00 ] 127.0.0.1 /myGitRepository/wephp/
SQL: SHOW COLUMNS FROM `wx_hooks` [ RunTime:0.0004s ]
SQL: SELECT `name`,`addons` FROM `wx_hooks`  [ RunTime:0.0426s ]
SQL: SHOW COLUMNS FROM `wx_addons` [ RunTime:0.0122s ]
SQL: SELECT `id`,`name` FROM `wx_addons` WHERE `status` = 1 AND `name` IN ('ReturnTop')  [ RunTime:0.0244s ]
SQL: SHOW COLUMNS FROM `wx_plugin` [ RunTime:0.0165s ]
SQL: SELECT `id`,`name` FROM `wx_plugin` WHERE `status` = 1 AND `name` IN ('ReturnTop')  [ RunTime:0.0005s ]
SQL: SELECT `id`,`name` FROM `wx_addons` WHERE `status` = 1 AND `name` IN ('SocialComment')  [ RunTime:0.0004s ]
SQL: SELECT `id`,`name` FROM `wx_plugin` WHERE `status` = 1 AND `name` IN ('SocialComment')  [ RunTime:0.0003s ]
SQL: SELECT `id`,`name` FROM `wx_addons` WHERE `status` = 1 AND `name` IN ('Editor')  [ RunTime:0.0004s ]
SQL: SELECT `id`,`name` FROM `wx_plugin` WHERE `status` = 1 AND `name` IN ('Editor')  [ RunTime:0.0118s ]
SQL: SELECT `id`,`name` FROM `wx_addons` WHERE `status` = 1 AND `name` IN ('EditorForAdmin')  [ RunTime:0.0006s ]
SQL: SELECT `id`,`name` FROM `wx_plugin` WHERE `status` = 1 AND `name` IN ('EditorForAdmin')  [ RunTime:0.0004s ]
SQL: SELECT `id`,`name` FROM `wx_addons` WHERE `status` = 1 AND `name` IN ('SiteStat','SystemInfo','DevTeam')  [ RunTime:0.0005s ]
SQL: SELECT `id`,`name` FROM `wx_plugin` WHERE `status` = 1 AND `name` IN ('SiteStat','SystemInfo','DevTeam')  [ RunTime:0.0004s ]
SQL: SELECT `id`,`name` FROM `wx_addons` WHERE `status` = 1 AND `name` IN ('Editor')  [ RunTime:0.0004s ]
SQL: SELECT `id`,`name` FROM `wx_plugin` WHERE `status` = 1 AND `name` IN ('Editor')  [ RunTime:0.0004s ]
SQL: SELECT `id`,`name` FROM `wx_addons` WHERE `status` = 1 AND `name` IN ('Vote','Wecome','UserCenter','WeiSite','Hitegg','Leaflets','CustomReply','Survey','Diy','CustomMenu','Invite','Game','Ask','Forms','CardVouchers','RedBag','Guess','WishCard','RealPrize','ConfigureAccount','BusinessCard','AutoReply','Payment','Comment','ShopCoupon','Coupon','Card','SingIn','Reserve','Wuguai','Sms','Exam','Test','Draw','YaoTV','Analysis','Weiba','QrAdmin','PublicBind','Cms','Feedback','WeiUserCenter','WeiPicture','HelloWorld','Template')  [ RunTime:0.0023s ]
SQL: SELECT `id`,`name` FROM `wx_plugin` WHERE `status` = 1 AND `name` IN ('Vote','Wecome','UserCenter','WeiSite','Hitegg','Leaflets','CustomReply','Survey','Diy','CustomMenu','Invite','Game','Ask','Forms','CardVouchers','RedBag','Guess','WishCard','RealPrize','ConfigureAccount','BusinessCard','AutoReply','Payment','Comment','ShopCoupon','Coupon','Card','SingIn','Reserve','Wuguai','Sms','Exam','Test','Draw','YaoTV','Analysis','Weiba','QrAdmin','PublicBind','Cms','Feedback','WeiUserCenter','WeiPicture','HelloWorld','Template')  [ RunTime:0.0009s ]
SQL: SELECT `id`,`name` FROM `wx_addons` WHERE `status` = 1 AND `name` IN ('Cascade')  [ RunTime:0.0002s ]
SQL: SELECT `id`,`name` FROM `wx_plugin` WHERE `status` = 1 AND `name` IN ('Cascade')  [ RunTime:0.0001s ]
SQL: SELECT `id`,`name` FROM `wx_addons` WHERE `status` = 1 AND `name` IN ('Diy')  [ RunTime:0.0001s ]
SQL: SELECT `id`,`name` FROM `wx_plugin` WHERE `status` = 1 AND `name` IN ('Diy')  [ RunTime:0.0001s ]
SQL: SELECT `id`,`name` FROM `wx_addons` WHERE `status` = 1 AND `name` IN ('DynamicSelect')  [ RunTime:0.0001s ]
SQL: SELECT `id`,`name` FROM `wx_plugin` WHERE `status` = 1 AND `name` IN ('DynamicSelect')  [ RunTime:0.0001s ]
SQL: SELECT `id`,`name` FROM `wx_addons` WHERE `status` = 1 AND `name` IN ('News')  [ RunTime:0.0001s ]
SQL: SELECT `id`,`name` FROM `wx_plugin` WHERE `status` = 1 AND `name` IN ('News')  [ RunTime:0.0001s ]
SQL: SELECT `id`,`name` FROM `wx_addons` WHERE `status` = 1 AND `name` IN ('DynamicCheckbox')  [ RunTime:0.0001s ]
SQL: SELECT `id`,`name` FROM `wx_plugin` WHERE `status` = 1 AND `name` IN ('DynamicCheckbox')  [ RunTime:0.0001s ]
SQL: SELECT `id`,`name` FROM `wx_addons` WHERE `status` = 1 AND `name` IN ('Material')  [ RunTime:0.0001s ]
SQL: SELECT `id`,`name` FROM `wx_plugin` WHERE `status` = 1 AND `name` IN ('Material')  [ RunTime:0.0001s ]
SQL: SELECT `id`,`name` FROM `wx_addons` WHERE `status` = 1 AND `name` IN ('Prize')  [ RunTime:0.0001s ]
SQL: SELECT `id`,`name` FROM `wx_plugin` WHERE `status` = 1 AND `name` IN ('Prize')  [ RunTime:0.0001s ]
SQL: SHOW COLUMNS FROM `wx_config` [ RunTime:0.0249s ]
SQL: SELECT `type`,`name`,`value` FROM `wx_config` WHERE `status` = 1  [ RunTime:0.0050s ]
SQL: SHOW COLUMNS FROM `wx_auth_group_access` [ RunTime:0.0056s ]
SQL: SELECT a.uid,a.group_id,g.title,g.rules FROM wx_auth_group_access a INNER JOIN wx_auth_group g on a.group_id=g.id  WHERE ( a.uid='' and g.status='1' )  [ RunTime:0.0162s ]
SQL: SHOW COLUMNS FROM `wx_menu` [ RunTime:0.0011s ]
SQL: SHOW COLUMNS FROM `wx_apps` [ RunTime:0.0014s ]
SQL: SELECT * FROM `wx_addons` WHERE `status` = 1  [ RunTime:0.0006s ]
SQL: SHOW COLUMNS FROM `wx_addons` [ RunTime:0.0008s ]
SQL: SELECT * FROM `wx_menu` WHERE `place` = 0 AND `is_hide` = 0 ORDER BY sort asc, id asc  [ RunTime:0.0007s ]

[ 2017-09-05T17:11:02+08:00 ] 127.0.0.1 /myGitRepository/wephp/index.php?s=/w0/Home/User/login/from/1.html
SQL: SHOW COLUMNS FROM `wx_auth_group_access` [ RunTime:0.0007s ]
SQL: SELECT a.uid,a.group_id,g.title,g.rules FROM wx_auth_group_access a INNER JOIN wx_auth_group g on a.group_id=g.id  WHERE ( a.uid='' and g.status='1' )  [ RunTime:0.0006s ]
SQL: SELECT * FROM `wx_menu` WHERE `place` = 0 AND `is_hide` = 0 ORDER BY sort asc, id asc  [ RunTime:0.0012s ]
SQL: SHOW COLUMNS FROM `wx_qr_code` [ RunTime:0.0148s ]
SQL: SELECT `id`,`qr_code`,`addon`,`aim_id`,`cTime`,`token`,`action_name`,`extra_text`,`extra_int`,`request_count`,`scene_id`,`expire_seconds` FROM `wx_qr_code` WHERE `addon` = 'ScanLogin' AND `extra_text` = '59ae6a264bccb' LIMIT 1   [ RunTime:0.0079s ]
SQL: SELECT `id`,`token` FROM `wx_apps`  [ RunTime:0.0008s ]
SQL: SELECT `id`,`token` FROM `wx_apps`  [ RunTime:0.0002s ]

[ 2017-09-05T17:25:31+08:00 ] 127.0.0.1 /myGitRepository/wephp/index.php?s=/w0/Home/User/login/from/1.html
SQL: SHOW COLUMNS FROM `wx_auth_group_access` [ RunTime:0.0322s ]
SQL: SELECT a.uid,a.group_id,g.title,g.rules FROM wx_auth_group_access a INNER JOIN wx_auth_group g on a.group_id=g.id  WHERE ( a.uid='' and g.status='1' )  [ RunTime:0.0122s ]
SQL: SELECT * FROM `wx_menu` WHERE `place` = 0 AND `is_hide` = 0 ORDER BY sort asc, id asc  [ RunTime:0.0006s ]
SQL: SELECT `id`,`qr_code`,`addon`,`aim_id`,`cTime`,`token`,`action_name`,`extra_text`,`extra_int`,`request_count`,`scene_id`,`expire_seconds` FROM `wx_qr_code` WHERE `addon` = 'ScanLogin' AND `extra_text` = '59ae6a264bccb' LIMIT 1   [ RunTime:0.0120s ]
SQL: SELECT `id`,`token` FROM `wx_apps`  [ RunTime:0.0007s ]
SQL: SELECT `id`,`token` FROM `wx_apps`  [ RunTime:0.0002s ]

[ 2017-09-05T17:25:33+08:00 ] 127.0.0.1 /myGitRepository/wephp/index.php?s=/w0/Home/User/login/from/1.html
SQL: SHOW COLUMNS FROM `wx_auth_group_access` [ RunTime:0.0004s ]
SQL: SELECT a.uid,a.group_id,g.title,g.rules FROM wx_auth_group_access a INNER JOIN wx_auth_group g on a.group_id=g.id  WHERE ( a.uid='' and g.status='1' )  [ RunTime:0.0003s ]
SQL: SELECT * FROM `wx_menu` WHERE `place` = 0 AND `is_hide` = 0 ORDER BY sort asc, id asc  [ RunTime:0.0005s ]
SQL: SELECT `id`,`qr_code`,`addon`,`aim_id`,`cTime`,`token`,`action_name`,`extra_text`,`extra_int`,`request_count`,`scene_id`,`expire_seconds` FROM `wx_qr_code` WHERE `addon` = 'ScanLogin' AND `extra_text` = '59ae6a264bccb' LIMIT 1   [ RunTime:0.0003s ]
SQL: SELECT `id`,`token` FROM `wx_apps`  [ RunTime:0.0002s ]
SQL: SELECT `id`,`token` FROM `wx_apps`  [ RunTime:0.0001s ]

[ 2017-09-05T17:34:53+08:00 ] 127.0.0.1 /myGitRepository/wephp/index.php?s=/w0/Home/User/login/from/1.html
SQL: SHOW COLUMNS FROM `wx_auth_group_access` [ RunTime:0.0005s ]
SQL: SELECT a.uid,a.group_id,g.title,g.rules FROM wx_auth_group_access a INNER JOIN wx_auth_group g on a.group_id=g.id  WHERE ( a.uid='' and g.status='1' )  [ RunTime:0.0004s ]
SQL: SELECT * FROM `wx_menu` WHERE `place` = 0 AND `is_hide` = 0 ORDER BY sort asc, id asc  [ RunTime:0.0006s ]
SQL: SELECT `id`,`qr_code`,`addon`,`aim_id`,`cTime`,`token`,`action_name`,`extra_text`,`extra_int`,`request_count`,`scene_id`,`expire_seconds` FROM `wx_qr_code` WHERE `addon` = 'ScanLogin' AND `extra_text` = '59ae6a264bccb' LIMIT 1   [ RunTime:0.0004s ]
SQL: SELECT `id`,`token` FROM `wx_apps`  [ RunTime:0.0002s ]
SQL: SELECT `id`,`token` FROM `wx_apps`  [ RunTime:0.0002s ]

[ 2017-09-05T17:34:54+08:00 ] 127.0.0.1 /myGitRepository/wephp/index.php?s=/w0/Home/User/login/from/1.html
SQL: SHOW COLUMNS FROM `wx_auth_group_access` [ RunTime:0.0005s ]
SQL: SELECT a.uid,a.group_id,g.title,g.rules FROM wx_auth_group_access a INNER JOIN wx_auth_group g on a.group_id=g.id  WHERE ( a.uid='' and g.status='1' )  [ RunTime:0.0003s ]
SQL: SELECT * FROM `wx_menu` WHERE `place` = 0 AND `is_hide` = 0 ORDER BY sort asc, id asc  [ RunTime:0.0006s ]
SQL: SELECT `id`,`qr_code`,`addon`,`aim_id`,`cTime`,`token`,`action_name`,`extra_text`,`extra_int`,`request_count`,`scene_id`,`expire_seconds` FROM `wx_qr_code` WHERE `addon` = 'ScanLogin' AND `extra_text` = '59ae6a264bccb' LIMIT 1   [ RunTime:0.0003s ]
SQL: SELECT `id`,`token` FROM `wx_apps`  [ RunTime:0.0264s ]
SQL: SELECT `id`,`token` FROM `wx_apps`  [ RunTime:0.0002s ]

[ 2017-09-05T17:46:18+08:00 ] 127.0.0.1 /myGitRepository/wephp/index.php?s=/w0/Home/User/login/from/1.html
SQL: SHOW COLUMNS FROM `wx_auth_group_access` [ RunTime:0.0004s ]
SQL: SELECT a.uid,a.group_id,g.title,g.rules FROM wx_auth_group_access a INNER JOIN wx_auth_group g on a.group_id=g.id  WHERE ( a.uid='' and g.status='1' )  [ RunTime:0.0003s ]
SQL: SELECT * FROM `wx_menu` WHERE `place` = 0 AND `is_hide` = 0 ORDER BY sort asc, id asc  [ RunTime:0.0006s ]
SQL: SELECT `id`,`qr_code`,`addon`,`aim_id`,`cTime`,`token`,`action_name`,`extra_text`,`extra_int`,`request_count`,`scene_id`,`expire_seconds` FROM `wx_qr_code` WHERE `addon` = 'ScanLogin' AND `extra_text` = '59ae6a264bccb' LIMIT 1   [ RunTime:0.0004s ]
SQL: SELECT `id`,`token` FROM `wx_apps`  [ RunTime:0.0002s ]
SQL: SELECT `id`,`token` FROM `wx_apps`  [ RunTime:0.0002s ]

[ 2017-09-05T17:46:19+08:00 ] 127.0.0.1 /myGitRepository/wephp/index.php?s=/w0/Home/User/login/from/1.html
SQL: SHOW COLUMNS FROM `wx_auth_group_access` [ RunTime:0.0006s ]
SQL: SELECT a.uid,a.group_id,g.title,g.rules FROM wx_auth_group_access a INNER JOIN wx_auth_group g on a.group_id=g.id  WHERE ( a.uid='' and g.status='1' )  [ RunTime:0.0004s ]
SQL: SELECT * FROM `wx_menu` WHERE `place` = 0 AND `is_hide` = 0 ORDER BY sort asc, id asc  [ RunTime:0.0007s ]
SQL: SELECT `id`,`qr_code`,`addon`,`aim_id`,`cTime`,`token`,`action_name`,`extra_text`,`extra_int`,`request_count`,`scene_id`,`expire_seconds` FROM `wx_qr_code` WHERE `addon` = 'ScanLogin' AND `extra_text` = '59ae6a264bccb' LIMIT 1   [ RunTime:0.0003s ]
SQL: SELECT `id`,`token` FROM `wx_apps`  [ RunTime:0.0002s ]
SQL: SELECT `id`,`token` FROM `wx_apps`  [ RunTime:0.0002s ]

[ 2017-09-05T17:48:00+08:00 ] 127.0.0.1 /myGitRepository/wephp/index.php?s=/w0/Home/User/login/from/1.html
SQL: SHOW COLUMNS FROM `wx_auth_group_access` [ RunTime:0.0003s ]
SQL: SELECT a.uid,a.group_id,g.title,g.rules FROM wx_auth_group_access a INNER JOIN wx_auth_group g on a.group_id=g.id  WHERE ( a.uid='' and g.status='1' )  [ RunTime:0.0002s ]
SQL: SELECT * FROM `wx_menu` WHERE `place` = 0 AND `is_hide` = 0 ORDER BY sort asc, id asc  [ RunTime:0.0004s ]
SQL: SELECT `id`,`qr_code`,`addon`,`aim_id`,`cTime`,`token`,`action_name`,`extra_text`,`extra_int`,`request_count`,`scene_id`,`expire_seconds` FROM `wx_qr_code` WHERE `addon` = 'ScanLogin' AND `extra_text` = '59ae6a264bccb' LIMIT 1   [ RunTime:0.0003s ]
SQL: SELECT `id`,`token` FROM `wx_apps`  [ RunTime:0.0001s ]
SQL: SELECT `id`,`token` FROM `wx_apps`  [ RunTime:0.0002s ]

[ 2017-09-05T17:48:01+08:00 ] 127.0.0.1 /myGitRepository/wephp/index.php?s=/w0/Home/User/login/from/1.html
SQL: SHOW COLUMNS FROM `wx_auth_group_access` [ RunTime:0.0004s ]
SQL: SELECT a.uid,a.group_id,g.title,g.rules FROM wx_auth_group_access a INNER JOIN wx_auth_group g on a.group_id=g.id  WHERE ( a.uid='' and g.status='1' )  [ RunTime:0.0003s ]
SQL: SELECT * FROM `wx_menu` WHERE `place` = 0 AND `is_hide` = 0 ORDER BY sort asc, id asc  [ RunTime:0.0006s ]
SQL: SELECT `id`,`qr_code`,`addon`,`aim_id`,`cTime`,`token`,`action_name`,`extra_text`,`extra_int`,`request_count`,`scene_id`,`expire_seconds` FROM `wx_qr_code` WHERE `addon` = 'ScanLogin' AND `extra_text` = '59ae6a264bccb' LIMIT 1   [ RunTime:0.0003s ]
SQL: SELECT `id`,`token` FROM `wx_apps`  [ RunTime:0.0002s ]
SQL: SELECT `id`,`token` FROM `wx_apps`  [ RunTime:0.0002s ]

[ 2017-09-05T17:48:02+08:00 ] 127.0.0.1 /myGitRepository/wephp/index.php?s=/w0/Home/User/login/from/1.html
SQL: SHOW COLUMNS FROM `wx_auth_group_access` [ RunTime:0.0003s ]
SQL: SELECT a.uid,a.group_id,g.title,g.rules FROM wx_auth_group_access a INNER JOIN wx_auth_group g on a.group_id=g.id  WHERE ( a.uid='' and g.status='1' )  [ RunTime:0.0002s ]
SQL: SELECT * FROM `wx_menu` WHERE `place` = 0 AND `is_hide` = 0 ORDER BY sort asc, id asc  [ RunTime:0.0004s ]
SQL: SELECT `id`,`qr_code`,`addon`,`aim_id`,`cTime`,`token`,`action_name`,`extra_text`,`extra_int`,`request_count`,`scene_id`,`expire_seconds` FROM `wx_qr_code` WHERE `addon` = 'ScanLogin' AND `extra_text` = '59ae6a264bccb' LIMIT 1   [ RunTime:0.0002s ]
SQL: SELECT `id`,`token` FROM `wx_apps`  [ RunTime:0.0001s ]
SQL: SELECT `id`,`token` FROM `wx_apps`  [ RunTime:0.0001s ]

[ 2017-09-05T17:48:02+08:00 ] 127.0.0.1 /myGitRepository/wephp/index.php?s=/w0/Home/User/login/from/1.html
SQL: SHOW COLUMNS FROM `wx_auth_group_access` [ RunTime:0.0004s ]
SQL: SELECT a.uid,a.group_id,g.title,g.rules FROM wx_auth_group_access a INNER JOIN wx_auth_group g on a.group_id=g.id  WHERE ( a.uid='' and g.status='1' )  [ RunTime:0.0003s ]
SQL: SELECT * FROM `wx_menu` WHERE `place` = 0 AND `is_hide` = 0 ORDER BY sort asc, id asc  [ RunTime:0.0006s ]
SQL: SELECT `id`,`qr_code`,`addon`,`aim_id`,`cTime`,`token`,`action_name`,`extra_text`,`extra_int`,`request_count`,`scene_id`,`expire_seconds` FROM `wx_qr_code` WHERE `addon` = 'ScanLogin' AND `extra_text` = '59ae6a264bccb' LIMIT 1   [ RunTime:0.0003s ]
SQL: SELECT `id`,`token` FROM `wx_apps`  [ RunTime:0.0001s ]
SQL: SELECT `id`,`token` FROM `wx_apps`  [ RunTime:0.0001s ]

[ 2017-09-05T17:48:02+08:00 ] 127.0.0.1 /myGitRepository/wephp/index.php?s=/w0/Home/User/login/from/1.html
SQL: SHOW COLUMNS FROM `wx_auth_group_access` [ RunTime:0.0003s ]
SQL: SELECT a.uid,a.group_id,g.title,g.rules FROM wx_auth_group_access a INNER JOIN wx_auth_group g on a.group_id=g.id  WHERE ( a.uid='' and g.status='1' )  [ RunTime:0.0004s ]
SQL: SELECT * FROM `wx_menu` WHERE `place` = 0 AND `is_hide` = 0 ORDER BY sort asc, id asc  [ RunTime:0.0010s ]
SQL: SELECT `id`,`qr_code`,`addon`,`aim_id`,`cTime`,`token`,`action_name`,`extra_text`,`extra_int`,`request_count`,`scene_id`,`expire_seconds` FROM `wx_qr_code` WHERE `addon` = 'ScanLogin' AND `extra_text` = '59ae6a264bccb' LIMIT 1   [ RunTime:0.0003s ]
SQL: SELECT `id`,`token` FROM `wx_apps`  [ RunTime:0.0002s ]
SQL: SELECT `id`,`token` FROM `wx_apps`  [ RunTime:0.0001s ]

[ 2017-09-05T17:49:33+08:00 ] 127.0.0.1 /myGitRepository/wephp/index.php?s=/w0/Home/User/login/from/1.html
SQL: SHOW COLUMNS FROM `wx_auth_group_access` [ RunTime:0.0004s ]
SQL: SELECT a.uid,a.group_id,g.title,g.rules FROM wx_auth_group_access a INNER JOIN wx_auth_group g on a.group_id=g.id  WHERE ( a.uid='' and g.status='1' )  [ RunTime:0.0003s ]
SQL: SELECT * FROM `wx_menu` WHERE `place` = 0 AND `is_hide` = 0 ORDER BY sort asc, id asc  [ RunTime:0.0004s ]
SQL: SELECT `id`,`qr_code`,`addon`,`aim_id`,`cTime`,`token`,`action_name`,`extra_text`,`extra_int`,`request_count`,`scene_id`,`expire_seconds` FROM `wx_qr_code` WHERE `addon` = 'ScanLogin' AND `extra_text` = '59ae6a264bccb' LIMIT 1   [ RunTime:0.0002s ]
SQL: SELECT `id`,`token` FROM `wx_apps`  [ RunTime:0.0002s ]
SQL: SELECT `id`,`token` FROM `wx_apps`  [ RunTime:0.0001s ]
SQL: SELECT `id`,`token` FROM `wx_apps`  [ RunTime:0.0003s ]
SQL: SHOW COLUMNS FROM `wx_qr_code` [ RunTime:0.0007s ]
SQL: SELECT `id`,`token` FROM `wx_apps`  [ RunTime:0.0003s ]
SQL: SELECT `id`,`token` FROM `wx_apps`  [ RunTime:0.0004s ]

