[ 2017-09-07T16:06:47+08:00 ] 127.0.0.1 /myGitRepository/wephp/index.php?s=/w16/Weiba/Weiba/lists.html&mdm=358
NOTIC: [2] Cannot declare class Think\Action, because the name is already in use /var/www/html/myGitRepository/wephp/ThinkPHP/Library/Think/ManageBaseController.class.php 第 310 行.
NOTIC: [2] Declaration of Addons\Weiba\Controller\WeibaController::lists() should be compatible with Think\ManageBaseController::lists($model = NULL, $page = 0) /var/www/html/myGitRepository/wephp/Addons/Weiba/Controller/WeibaController.class.php 第 7 行.
NOTIC: [2] Declaration of Addons\Weiba\Controller\WeibaController::edit() should be compatible with Think\ManageBaseController::edit($model = NULL, $id = 0) /var/www/html/myGitRepository/wephp/Addons/Weiba/Controller/WeibaController.class.php 第 7 行.
NOTIC: [2] Declaration of Addons\Weiba\Controller\WeibaController::add() should be compatible with Think\ManageBaseController::add($model = NULL) /var/www/html/myGitRepository/wephp/Addons/Weiba/Controller/WeibaController.class.php 第 7 行.
NOTIC: [8] Undefined index: uid /var/www/html/myGitRepository/wephp/ThinkPHP/Library/Think/ManageBaseController.class.php 第 153 行.
NOTIC: [8] Undefined variable: tongji_code /var/www/html/myGitRepository/wephp/ThinkPHP/Library/Think/ManageBaseController.class.php 第 120 行.
NOTIC: [8] Undefined index: group_id /var/www/html/myGitRepository/wephp/Application/Common/Model/AddonStatusModel.class.php 第 50 行.
NOTIC: [8] Undefined variable: addons /var/www/html/myGitRepository/wephp/Application/Common/Common/function.php 第 501 行.
NOTIC: [8] Undefined variable: addons /var/www/html/myGitRepository/wephp/Application/Common/Common/function.php 第 501 行.
NOTIC: [8] Undefined variable: addons /var/www/html/myGitRepository/wephp/Application/Common/Common/function.php 第 501 行.
NOTIC: [8] Undefined variable: addons /var/www/html/myGitRepository/wephp/Application/Common/Common/function.php 第 501 行.
NOTIC: [8] Undefined variable: addons /var/www/html/myGitRepository/wephp/Application/Common/Common/function.php 第 501 行.
NOTIC: [8] Undefined variable: addons /var/www/html/myGitRepository/wephp/Application/Common/Common/function.php 第 501 行.
NOTIC: [8] Undefined variable: addons /var/www/html/myGitRepository/wephp/Application/Common/Common/function.php 第 501 行.
NOTIC: [8] Undefined variable: addons /var/www/html/myGitRepository/wephp/Application/Common/Common/function.php 第 501 行.
NOTIC: [8] Undefined variable: addons /var/www/html/myGitRepository/wephp/Application/Common/Common/function.php 第 501 行.
NOTIC: [8] Undefined variable: addons /var/www/html/myGitRepository/wephp/Application/Common/Common/function.php 第 501 行.
NOTIC: [8] Undefined variable: addons /var/www/html/myGitRepository/wephp/Application/Common/Common/function.php 第 501 行.
NOTIC: [8] Undefined variable: addons /var/www/html/myGitRepository/wephp/Application/Common/Common/function.php 第 501 行.
NOTIC: [8] Undefined variable: addons /var/www/html/myGitRepository/wephp/Application/Common/Common/function.php 第 501 行.
NOTIC: [8] Undefined variable: addons /var/www/html/myGitRepository/wephp/Application/Common/Common/function.php 第 501 行.
NOTIC: [8] Undefined variable: addons /var/www/html/myGitRepository/wephp/Application/Common/Common/function.php 第 501 行.
NOTIC: [8] Undefined variable: addons /var/www/html/myGitRepository/wephp/Application/Common/Common/function.php 第 501 行.
NOTIC: [8] Undefined variable: addons /var/www/html/myGitRepository/wephp/Application/Common/Common/function.php 第 501 行.
NOTIC: [8] Undefined variable: addons /var/www/html/myGitRepository/wephp/Application/Common/Common/function.php 第 501 行.
NOTIC: [8] Undefined variable: addons /var/www/html/myGitRepository/wephp/Application/Common/Common/function.php 第 501 行.
NOTIC: [8] Undefined variable: addons /var/www/html/myGitRepository/wephp/Application/Common/Common/function.php 第 501 行.
NOTIC: [8] Undefined variable: addons /var/www/html/myGitRepository/wephp/Application/Common/Common/function.php 第 501 行.
NOTIC: [8] Undefined variable: addons /var/www/html/myGitRepository/wephp/Application/Common/Common/function.php 第 501 行.
NOTIC: [8] Undefined variable: addons /var/www/html/myGitRepository/wephp/Application/Common/Common/function.php 第 501 行.
NOTIC: [8] Undefined variable: addons /var/www/html/myGitRepository/wephp/Application/Common/Common/function.php 第 501 行.
NOTIC: [8] Undefined variable: addons /var/www/html/myGitRepository/wephp/Application/Common/Common/function.php 第 501 行.
NOTIC: [8] Undefined variable: addons /var/www/html/myGitRepository/wephp/Application/Common/Common/function.php 第 501 行.
NOTIC: [8] Undefined variable: addons /var/www/html/myGitRepository/wephp/Application/Common/Common/function.php 第 501 行.
NOTIC: [8] Undefined variable: addons /var/www/html/myGitRepository/wephp/Application/Common/Common/function.php 第 501 行.
NOTIC: [8] Undefined variable: addons /var/www/html/myGitRepository/wephp/Application/Common/Common/function.php 第 501 行.
NOTIC: [8] Undefined variable: addons /var/www/html/myGitRepository/wephp/Application/Common/Common/function.php 第 501 行.
NOTIC: [8] Undefined variable: addons /var/www/html/myGitRepository/wephp/Application/Common/Common/function.php 第 501 行.
NOTIC: [8] Undefined variable: addons /var/www/html/myGitRepository/wephp/Application/Common/Common/function.php 第 501 行.
NOTIC: [8] Undefined variable: addons /var/www/html/myGitRepository/wephp/Application/Common/Common/function.php 第 501 行.
NOTIC: [8] Undefined variable: addons /var/www/html/myGitRepository/wephp/Application/Common/Common/function.php 第 501 行.
NOTIC: [8] Undefined variable: addons /var/www/html/myGitRepository/wephp/Application/Common/Common/function.php 第 501 行.
NOTIC: [8] Undefined variable: addons /var/www/html/myGitRepository/wephp/Application/Common/Common/function.php 第 501 行.
NOTIC: [8] Undefined variable: addons /var/www/html/myGitRepository/wephp/Application/Common/Common/function.php 第 501 行.
NOTIC: [8] Undefined variable: addons /var/www/html/myGitRepository/wephp/Application/Common/Common/function.php 第 501 行.
NOTIC: [8] Undefined variable: addons /var/www/html/myGitRepository/wephp/Application/Common/Common/function.php 第 501 行.
NOTIC: [8] Undefined variable: addons /var/www/html/myGitRepository/wephp/Application/Common/Common/function.php 第 501 行.
NOTIC: [8] Undefined variable: addons /var/www/html/myGitRepository/wephp/Application/Common/Common/function.php 第 501 行.
NOTIC: [8] Undefined variable: addons /var/www/html/myGitRepository/wephp/Application/Common/Common/function.php 第 501 行.
NOTIC: [8] Undefined variable: addons /var/www/html/myGitRepository/wephp/Application/Common/Common/function.php 第 501 行.
NOTIC: [8] Undefined variable: addons /var/www/html/myGitRepository/wephp/Application/Common/Common/function.php 第 501 行.
NOTIC: [8] Undefined variable: addons /var/www/html/myGitRepository/wephp/Application/Common/Common/function.php 第 501 行.
NOTIC: [8] Undefined variable: addons /var/www/html/myGitRepository/wephp/Application/Common/Common/function.php 第 501 行.
NOTIC: [8] Undefined variable: addons /var/www/html/myGitRepository/wephp/Application/Common/Common/function.php 第 501 行.
NOTIC: [8] Undefined variable: addons /var/www/html/myGitRepository/wephp/Application/Common/Common/function.php 第 501 行.
NOTIC: [8] Undefined variable: addons /var/www/html/myGitRepository/wephp/Application/Common/Common/function.php 第 501 行.
NOTIC: [8] Undefined variable: addons /var/www/html/myGitRepository/wephp/Application/Common/Common/function.php 第 501 行.
NOTIC: [8] Undefined variable: addons /var/www/html/myGitRepository/wephp/Application/Common/Common/function.php 第 501 行.
NOTIC: [8] Undefined offset: 14 /var/www/html/myGitRepository/wephp/Application/Common/Model/MenuModel.class.php 第 94 行.
NOTIC: [8] Undefined offset: 14 /var/www/html/myGitRepository/wephp/Application/Common/Model/MenuModel.class.php 第 104 行.
NOTIC: [8] Undefined offset: 60 /var/www/html/myGitRepository/wephp/Application/Common/Model/MenuModel.class.php 第 94 行.
NOTIC: [8] Undefined offset: 60 /var/www/html/myGitRepository/wephp/Application/Common/Model/MenuModel.class.php 第 104 行.
NOTIC: [8] Undefined offset: 1 /var/www/html/myGitRepository/wephp/Application/Common/Model/MenuModel.class.php 第 131 行.
NOTIC: [8] Undefined variable: addons /var/www/html/myGitRepository/wephp/Application/Common/Common/function.php 第 501 行.
NOTIC: [8] Undefined variable: addons /var/www/html/myGitRepository/wephp/Application/Common/Common/function.php 第 501 行.
NOTIC: [2] Invalid argument supplied for foreach() /var/www/html/myGitRepository/wephp/ThinkPHP/Library/Think/Controller.class.php 第 806 行.
NOTIC: [2] Invalid argument supplied for foreach() /var/www/html/myGitRepository/wephp/Addons/Weiba/Controller/WeibaController.class.php 第 19 行.
NOTIC: [8] Use of undefined constant website_logo - assumed 'website_logo' /var/www/html/myGitRepository/wephp/Runtime/Cache/Weiba/698bf8ccf4fb1481ed734e8e9ba24125.php 第 64 行.
NOTIC: [8] Use of undefined constant mp_id - assumed 'mp_id' /var/www/html/myGitRepository/wephp/Runtime/Cache/Weiba/698bf8ccf4fb1481ed734e8e9ba24125.php 第 73 行.
NOTIC: [8] Use of undefined constant headimgurl - assumed 'headimgurl' /var/www/html/myGitRepository/wephp/Runtime/Cache/Weiba/698bf8ccf4fb1481ed734e8e9ba24125.php 第 92 行.
NOTIC: [8] Undefined variable: output /var/www/html/myGitRepository/wephp/Application/Common/Common/function.php 第 1644 行.
NOTIC: [8] Undefined variable: core_side_category /var/www/html/myGitRepository/wephp/Runtime/Cache/Weiba/698bf8ccf4fb1481ed734e8e9ba24125.php 第 132 行.
NOTIC: [8] Undefined variable: add_url /var/www/html/myGitRepository/wephp/Runtime/Cache/Weiba/698bf8ccf4fb1481ed734e8e9ba24125.php 第 164 行.
NOTIC: [8] Undefined variable: del_url /var/www/html/myGitRepository/wephp/Runtime/Cache/Weiba/698bf8ccf4fb1481ed734e8e9ba24125.php 第 165 行.
NOTIC: [8] Use of undefined constant model - assumed 'model' /var/www/html/myGitRepository/wephp/Runtime/Cache/Weiba/698bf8ccf4fb1481ed734e8e9ba24125.php 第 174 行.
NOTIC: [8] Undefined variable: search_url /var/www/html/myGitRepository/wephp/Runtime/Cache/Weiba/698bf8ccf4fb1481ed734e8e9ba24125.php 第 174 行.

