[ 2017-09-07T16:25:02+08:00 ] 127.0.0.1 /myGitRepository/wephp/index.php?s=/w16/Template/Template/groupMessage.html
NOTIC: [2] Cannot declare class Think\Action, because the name is already in use /var/www/html/myGitRepository/wephp/ThinkPHP/Library/Think/ManageBaseController.class.php 第 310 行.
NOTIC: [2] Declaration of Addons\Template\Controller\TemplateController::lists() should be compatible with Think\ManageBaseController::lists($model = NULL, $page = 0) /var/www/html/myGitRepository/wephp/Addons/Template/Controller/TemplateController.class.php 第 6 行.
NOTIC: [8] Undefined index: uid /var/www/html/myGitRepository/wephp/ThinkPHP/Library/Think/ManageBaseController.class.php 第 153 行.
NOTIC: [8] Undefined variable: tongji_code /var/www/html/myGitRepository/wephp/ThinkPHP/Library/Think/ManageBaseController.class.php 第 120 行.
NOTIC: [8] Undefined index: errcode /var/www/html/myGitRepository/wephp/Application/Common/Common/function.php 第 1450 行.

[ 2017-09-07T16:32:17+08:00 ] 127.0.0.1 /myGitRepository/wephp/index.php?s=/w16/Template/Template/groupMessage.html
NOTIC: [2] Cannot declare class Think\Action, because the name is already in use /var/www/html/myGitRepository/wephp/ThinkPHP/Library/Think/ManageBaseController.class.php 第 310 行.
NOTIC: [2] Declaration of Addons\Template\Controller\TemplateController::lists() should be compatible with Think\ManageBaseController::lists($model = NULL, $page = 0) /var/www/html/myGitRepository/wephp/Addons/Template/Controller/TemplateController.class.php 第 6 行.
NOTIC: [8] Undefined index: uid /var/www/html/myGitRepository/wephp/ThinkPHP/Library/Think/ManageBaseController.class.php 第 153 行.
NOTIC: [8] Undefined variable: tongji_code /var/www/html/myGitRepository/wephp/ThinkPHP/Library/Think/ManageBaseController.class.php 第 120 行.
NOTIC: [8] Undefined index: group_id /var/www/html/myGitRepository/wephp/Application/Common/Model/AddonStatusModel.class.php 第 50 行.
NOTIC: [8] Undefined variable: addons /var/www/html/myGitRepository/wephp/Application/Common/Common/function.php 第 501 行.
NOTIC: [8] Undefined variable: addons /var/www/html/myGitRepository/wephp/Application/Common/Common/function.php 第 501 行.
NOTIC: [8] Undefined variable: addons /var/www/html/myGitRepository/wephp/Application/Common/Common/function.php 第 501 行.
NOTIC: [8] Undefined variable: addons /var/www/html/myGitRepository/wephp/Application/Common/Common/function.php 第 501 行.
NOTIC: [8] Undefined variable: addons /var/www/html/myGitRepository/wephp/Application/Common/Common/function.php 第 501 行.
NOTIC: [8] Undefined variable: addons /var/www/html/myGitRepository/wephp/Application/Common/Common/function.php 第 501 行.
NOTIC: [8] Undefined variable: addons /var/www/html/myGitRepository/wephp/Application/Common/Common/function.php 第 501 行.
NOTIC: [8] Undefined variable: addons /var/www/html/myGitRepository/wephp/Application/Common/Common/function.php 第 501 行.
NOTIC: [8] Undefined variable: addons /var/www/html/myGitRepository/wephp/Application/Common/Common/function.php 第 501 行.
NOTIC: [8] Undefined variable: addons /var/www/html/myGitRepository/wephp/Application/Common/Common/function.php 第 501 行.
NOTIC: [8] Undefined variable: addons /var/www/html/myGitRepository/wephp/Application/Common/Common/function.php 第 501 行.
NOTIC: [8] Undefined variable: addons /var/www/html/myGitRepository/wephp/Application/Common/Common/function.php 第 501 行.
NOTIC: [8] Undefined variable: addons /var/www/html/myGitRepository/wephp/Application/Common/Common/function.php 第 501 行.
NOTIC: [8] Undefined variable: addons /var/www/html/myGitRepository/wephp/Application/Common/Common/function.php 第 501 行.
NOTIC: [8] Undefined variable: addons /var/www/html/myGitRepository/wephp/Application/Common/Common/function.php 第 501 行.
NOTIC: [8] Undefined variable: addons /var/www/html/myGitRepository/wephp/Application/Common/Common/function.php 第 501 行.
NOTIC: [8] Undefined variable: addons /var/www/html/myGitRepository/wephp/Application/Common/Common/function.php 第 501 行.
NOTIC: [8] Undefined variable: addons /var/www/html/myGitRepository/wephp/Application/Common/Common/function.php 第 501 行.
NOTIC: [8] Undefined variable: addons /var/www/html/myGitRepository/wephp/Application/Common/Common/function.php 第 501 行.
NOTIC: [8] Undefined variable: addons /var/www/html/myGitRepository/wephp/Application/Common/Common/function.php 第 501 行.
NOTIC: [8] Undefined variable: addons /var/www/html/myGitRepository/wephp/Application/Common/Common/function.php 第 501 行.
NOTIC: [8] Undefined variable: addons /var/www/html/myGitRepository/wephp/Application/Common/Common/function.php 第 501 行.
NOTIC: [8] Undefined variable: addons /var/www/html/myGitRepository/wephp/Application/Common/Common/function.php 第 501 行.
NOTIC: [8] Undefined variable: addons /var/www/html/myGitRepository/wephp/Application/Common/Common/function.php 第 501 行.
NOTIC: [8] Undefined variable: addons /var/www/html/myGitRepository/wephp/Application/Common/Common/function.php 第 501 行.
NOTIC: [8] Undefined variable: addons /var/www/html/myGitRepository/wephp/Application/Common/Common/function.php 第 501 行.
NOTIC: [8] Undefined variable: addons /var/www/html/myGitRepository/wephp/Application/Common/Common/function.php 第 501 行.
NOTIC: [8] Undefined variable: addons /var/www/html/myGitRepository/wephp/Application/Common/Common/function.php 第 501 行.
NOTIC: [8] Undefined variable: addons /var/www/html/myGitRepository/wephp/Application/Common/Common/function.php 第 501 行.
NOTIC: [8] Undefined variable: addons /var/www/html/myGitRepository/wephp/Application/Common/Common/function.php 第 501 行.
NOTIC: [8] Undefined variable: addons /var/www/html/myGitRepository/wephp/Application/Common/Common/function.php 第 501 行.
NOTIC: [8] Undefined variable: addons /var/www/html/myGitRepository/wephp/Application/Common/Common/function.php 第 501 行.
NOTIC: [8] Undefined variable: addons /var/www/html/myGitRepository/wephp/Application/Common/Common/function.php 第 501 行.
NOTIC: [8] Undefined variable: addons /var/www/html/myGitRepository/wephp/Application/Common/Common/function.php 第 501 行.
NOTIC: [8] Undefined variable: addons /var/www/html/myGitRepository/wephp/Application/Common/Common/function.php 第 501 行.
NOTIC: [8] Undefined variable: addons /var/www/html/myGitRepository/wephp/Application/Common/Common/function.php 第 501 行.
NOTIC: [8] Undefined variable: addons /var/www/html/myGitRepository/wephp/Application/Common/Common/function.php 第 501 行.
NOTIC: [8] Undefined variable: addons /var/www/html/myGitRepository/wephp/Application/Common/Common/function.php 第 501 行.
NOTIC: [8] Undefined variable: addons /var/www/html/myGitRepository/wephp/Application/Common/Common/function.php 第 501 行.
NOTIC: [8] Undefined variable: addons /var/www/html/myGitRepository/wephp/Application/Common/Common/function.php 第 501 行.
NOTIC: [8] Undefined variable: addons /var/www/html/myGitRepository/wephp/Application/Common/Common/function.php 第 501 行.
NOTIC: [8] Undefined variable: addons /var/www/html/myGitRepository/wephp/Application/Common/Common/function.php 第 501 行.
NOTIC: [8] Undefined variable: addons /var/www/html/myGitRepository/wephp/Application/Common/Common/function.php 第 501 行.
NOTIC: [8] Undefined variable: addons /var/www/html/myGitRepository/wephp/Application/Common/Common/function.php 第 501 行.
NOTIC: [8] Undefined variable: addons /var/www/html/myGitRepository/wephp/Application/Common/Common/function.php 第 501 行.
NOTIC: [8] Undefined variable: addons /var/www/html/myGitRepository/wephp/Application/Common/Common/function.php 第 501 行.
NOTIC: [8] Undefined variable: addons /var/www/html/myGitRepository/wephp/Application/Common/Common/function.php 第 501 行.
NOTIC: [8] Undefined variable: addons /var/www/html/myGitRepository/wephp/Application/Common/Common/function.php 第 501 行.
NOTIC: [8] Undefined variable: addons /var/www/html/myGitRepository/wephp/Application/Common/Common/function.php 第 501 行.
NOTIC: [8] Undefined variable: addons /var/www/html/myGitRepository/wephp/Application/Common/Common/function.php 第 501 行.
NOTIC: [8] Undefined variable: addons /var/www/html/myGitRepository/wephp/Application/Common/Common/function.php 第 501 行.
NOTIC: [8] Undefined offset: 14 /var/www/html/myGitRepository/wephp/Application/Common/Model/MenuModel.class.php 第 94 行.
NOTIC: [8] Undefined offset: 14 /var/www/html/myGitRepository/wephp/Application/Common/Model/MenuModel.class.php 第 104 行.
NOTIC: [8] Undefined offset: 60 /var/www/html/myGitRepository/wephp/Application/Common/Model/MenuModel.class.php 第 94 行.
NOTIC: [8] Undefined offset: 60 /var/www/html/myGitRepository/wephp/Application/Common/Model/MenuModel.class.php 第 104 行.
NOTIC: [8] Undefined offset: 14 /var/www/html/myGitRepository/wephp/Application/Common/Model/MenuModel.class.php 第 173 行.
NOTIC: [8] Use of undefined constant website_logo - assumed 'website_logo' /var/www/html/myGitRepository/wephp/Runtime/Cache/Template/a9bd575c510046e9e075e25ac65c4669.php 第 64 行.
NOTIC: [8] Use of undefined constant mp_id - assumed 'mp_id' /var/www/html/myGitRepository/wephp/Runtime/Cache/Template/a9bd575c510046e9e075e25ac65c4669.php 第 73 行.
NOTIC: [8] Use of undefined constant headimgurl - assumed 'headimgurl' /var/www/html/myGitRepository/wephp/Runtime/Cache/Template/a9bd575c510046e9e075e25ac65c4669.php 第 92 行.
NOTIC: [8] Undefined variable: output /var/www/html/myGitRepository/wephp/Application/Common/Common/function.php 第 1644 行.

[ 2017-09-07T16:32:20+08:00 ] 127.0.0.1 /myGitRepository/wephp/index.php?s=/w16/Template/Template/lists.html
NOTIC: [2] Cannot declare class Think\Action, because the name is already in use /var/www/html/myGitRepository/wephp/ThinkPHP/Library/Think/ManageBaseController.class.php 第 310 行.
NOTIC: [2] Declaration of Addons\Template\Controller\TemplateController::lists() should be compatible with Think\ManageBaseController::lists($model = NULL, $page = 0) /var/www/html/myGitRepository/wephp/Addons/Template/Controller/TemplateController.class.php 第 6 行.
NOTIC: [8] Undefined index: uid /var/www/html/myGitRepository/wephp/ThinkPHP/Library/Think/ManageBaseController.class.php 第 153 行.
NOTIC: [8] Undefined variable: tongji_code /var/www/html/myGitRepository/wephp/ThinkPHP/Library/Think/ManageBaseController.class.php 第 120 行.
NOTIC: [8] Undefined index: group_id /var/www/html/myGitRepository/wephp/Application/Common/Model/AddonStatusModel.class.php 第 50 行.
NOTIC: [8] Undefined variable: addons /var/www/html/myGitRepository/wephp/Application/Common/Common/function.php 第 501 行.
NOTIC: [8] Undefined variable: addons /var/www/html/myGitRepository/wephp/Application/Common/Common/function.php 第 501 行.
NOTIC: [8] Undefined variable: addons /var/www/html/myGitRepository/wephp/Application/Common/Common/function.php 第 501 行.
NOTIC: [8] Undefined variable: addons /var/www/html/myGitRepository/wephp/Application/Common/Common/function.php 第 501 行.
NOTIC: [8] Undefined variable: addons /var/www/html/myGitRepository/wephp/Application/Common/Common/function.php 第 501 行.
NOTIC: [8] Undefined variable: addons /var/www/html/myGitRepository/wephp/Application/Common/Common/function.php 第 501 行.
NOTIC: [8] Undefined variable: addons /var/www/html/myGitRepository/wephp/Application/Common/Common/function.php 第 501 行.
NOTIC: [8] Undefined variable: addons /var/www/html/myGitRepository/wephp/Application/Common/Common/function.php 第 501 行.
NOTIC: [8] Undefined variable: addons /var/www/html/myGitRepository/wephp/Application/Common/Common/function.php 第 501 行.
NOTIC: [8] Undefined variable: addons /var/www/html/myGitRepository/wephp/Application/Common/Common/function.php 第 501 行.
NOTIC: [8] Undefined variable: addons /var/www/html/myGitRepository/wephp/Application/Common/Common/function.php 第 501 行.
NOTIC: [8] Undefined variable: addons /var/www/html/myGitRepository/wephp/Application/Common/Common/function.php 第 501 行.
NOTIC: [8] Undefined variable: addons /var/www/html/myGitRepository/wephp/Application/Common/Common/function.php 第 501 行.
NOTIC: [8] Undefined variable: addons /var/www/html/myGitRepository/wephp/Application/Common/Common/function.php 第 501 行.
NOTIC: [8] Undefined variable: addons /var/www/html/myGitRepository/wephp/Application/Common/Common/function.php 第 501 行.
NOTIC: [8] Undefined variable: addons /var/www/html/myGitRepository/wephp/Application/Common/Common/function.php 第 501 行.
NOTIC: [8] Undefined variable: addons /var/www/html/myGitRepository/wephp/Application/Common/Common/function.php 第 501 行.
NOTIC: [8] Undefined variable: addons /var/www/html/myGitRepository/wephp/Application/Common/Common/function.php 第 501 行.
NOTIC: [8] Undefined variable: addons /var/www/html/myGitRepository/wephp/Application/Common/Common/function.php 第 501 行.
NOTIC: [8] Undefined variable: addons /var/www/html/myGitRepository/wephp/Application/Common/Common/function.php 第 501 行.
NOTIC: [8] Undefined variable: addons /var/www/html/myGitRepository/wephp/Application/Common/Common/function.php 第 501 行.
NOTIC: [8] Undefined variable: addons /var/www/html/myGitRepository/wephp/Application/Common/Common/function.php 第 501 行.
NOTIC: [8] Undefined variable: addons /var/www/html/myGitRepository/wephp/Application/Common/Common/function.php 第 501 行.
NOTIC: [8] Undefined variable: addons /var/www/html/myGitRepository/wephp/Application/Common/Common/function.php 第 501 行.
NOTIC: [8] Undefined variable: addons /var/www/html/myGitRepository/wephp/Application/Common/Common/function.php 第 501 行.
NOTIC: [8] Undefined variable: addons /var/www/html/myGitRepository/wephp/Application/Common/Common/function.php 第 501 行.
NOTIC: [8] Undefined variable: addons /var/www/html/myGitRepository/wephp/Application/Common/Common/function.php 第 501 行.
NOTIC: [8] Undefined variable: addons /var/www/html/myGitRepository/wephp/Application/Common/Common/function.php 第 501 行.
NOTIC: [8] Undefined variable: addons /var/www/html/myGitRepository/wephp/Application/Common/Common/function.php 第 501 行.
NOTIC: [8] Undefined variable: addons /var/www/html/myGitRepository/wephp/Application/Common/Common/function.php 第 501 行.
NOTIC: [8] Undefined variable: addons /var/www/html/myGitRepository/wephp/Application/Common/Common/function.php 第 501 行.
NOTIC: [8] Undefined variable: addons /var/www/html/myGitRepository/wephp/Application/Common/Common/function.php 第 501 行.
NOTIC: [8] Undefined variable: addons /var/www/html/myGitRepository/wephp/Application/Common/Common/function.php 第 501 行.
NOTIC: [8] Undefined variable: addons /var/www/html/myGitRepository/wephp/Application/Common/Common/function.php 第 501 行.
NOTIC: [8] Undefined variable: addons /var/www/html/myGitRepository/wephp/Application/Common/Common/function.php 第 501 行.
NOTIC: [8] Undefined variable: addons /var/www/html/myGitRepository/wephp/Application/Common/Common/function.php 第 501 行.
NOTIC: [8] Undefined variable: addons /var/www/html/myGitRepository/wephp/Application/Common/Common/function.php 第 501 行.
NOTIC: [8] Undefined variable: addons /var/www/html/myGitRepository/wephp/Application/Common/Common/function.php 第 501 行.
NOTIC: [8] Undefined variable: addons /var/www/html/myGitRepository/wephp/Application/Common/Common/function.php 第 501 行.
NOTIC: [8] Undefined variable: addons /var/www/html/myGitRepository/wephp/Application/Common/Common/function.php 第 501 行.
NOTIC: [8] Undefined variable: addons /var/www/html/myGitRepository/wephp/Application/Common/Common/function.php 第 501 行.
NOTIC: [8] Undefined variable: addons /var/www/html/myGitRepository/wephp/Application/Common/Common/function.php 第 501 行.
NOTIC: [8] Undefined variable: addons /var/www/html/myGitRepository/wephp/Application/Common/Common/function.php 第 501 行.
NOTIC: [8] Undefined variable: addons /var/www/html/myGitRepository/wephp/Application/Common/Common/function.php 第 501 行.
NOTIC: [8] Undefined variable: addons /var/www/html/myGitRepository/wephp/Application/Common/Common/function.php 第 501 行.
NOTIC: [8] Undefined variable: addons /var/www/html/myGitRepository/wephp/Application/Common/Common/function.php 第 501 行.
NOTIC: [8] Undefined variable: addons /var/www/html/myGitRepository/wephp/Application/Common/Common/function.php 第 501 行.
NOTIC: [8] Undefined variable: addons /var/www/html/myGitRepository/wephp/Application/Common/Common/function.php 第 501 行.
NOTIC: [8] Undefined variable: addons /var/www/html/myGitRepository/wephp/Application/Common/Common/function.php 第 501 行.
NOTIC: [8] Undefined variable: addons /var/www/html/myGitRepository/wephp/Application/Common/Common/function.php 第 501 行.
NOTIC: [8] Undefined variable: addons /var/www/html/myGitRepository/wephp/Application/Common/Common/function.php 第 501 行.
NOTIC: [8] Undefined offset: 14 /var/www/html/myGitRepository/wephp/Application/Common/Model/MenuModel.class.php 第 94 行.
NOTIC: [8] Undefined offset: 14 /var/www/html/myGitRepository/wephp/Application/Common/Model/MenuModel.class.php 第 104 行.
NOTIC: [8] Undefined offset: 60 /var/www/html/myGitRepository/wephp/Application/Common/Model/MenuModel.class.php 第 94 行.
NOTIC: [8] Undefined offset: 60 /var/www/html/myGitRepository/wephp/Application/Common/Model/MenuModel.class.php 第 104 行.
NOTIC: [8] Undefined offset: 14 /var/www/html/myGitRepository/wephp/Application/Common/Model/MenuModel.class.php 第 173 行.
NOTIC: [8] Undefined index: errcode /var/www/html/myGitRepository/wephp/Application/Common/Common/function.php 第 1450 行.
NOTIC: [8] Use of undefined constant website_logo - assumed 'website_logo' /var/www/html/myGitRepository/wephp/Runtime/Cache/Template/edbcc7ab0aafb44800695c63995310d8.php 第 64 行.
NOTIC: [8] Use of undefined constant mp_id - assumed 'mp_id' /var/www/html/myGitRepository/wephp/Runtime/Cache/Template/edbcc7ab0aafb44800695c63995310d8.php 第 73 行.
NOTIC: [8] Use of undefined constant headimgurl - assumed 'headimgurl' /var/www/html/myGitRepository/wephp/Runtime/Cache/Template/edbcc7ab0aafb44800695c63995310d8.php 第 92 行.
NOTIC: [8] Undefined variable: output /var/www/html/myGitRepository/wephp/Application/Common/Common/function.php 第 1644 行.

[ 2017-09-07T16:32:22+08:00 ] 127.0.0.1 /myGitRepository/wephp/index.php?s=/w16/Template/Template/messageManage.html
NOTIC: [2] Cannot declare class Think\Action, because the name is already in use /var/www/html/myGitRepository/wephp/ThinkPHP/Library/Think/ManageBaseController.class.php 第 310 行.
NOTIC: [2] Declaration of Addons\Template\Controller\TemplateController::lists() should be compatible with Think\ManageBaseController::lists($model = NULL, $page = 0) /var/www/html/myGitRepository/wephp/Addons/Template/Controller/TemplateController.class.php 第 6 行.
NOTIC: [8] Undefined index: uid /var/www/html/myGitRepository/wephp/ThinkPHP/Library/Think/ManageBaseController.class.php 第 153 行.
NOTIC: [8] Undefined variable: tongji_code /var/www/html/myGitRepository/wephp/ThinkPHP/Library/Think/ManageBaseController.class.php 第 120 行.
NOTIC: [8] Undefined index: group_id /var/www/html/myGitRepository/wephp/Application/Common/Model/AddonStatusModel.class.php 第 50 行.
NOTIC: [8] Undefined variable: addons /var/www/html/myGitRepository/wephp/Application/Common/Common/function.php 第 501 行.
NOTIC: [8] Undefined variable: addons /var/www/html/myGitRepository/wephp/Application/Common/Common/function.php 第 501 行.
NOTIC: [8] Undefined variable: addons /var/www/html/myGitRepository/wephp/Application/Common/Common/function.php 第 501 行.
NOTIC: [8] Undefined variable: addons /var/www/html/myGitRepository/wephp/Application/Common/Common/function.php 第 501 行.
NOTIC: [8] Undefined variable: addons /var/www/html/myGitRepository/wephp/Application/Common/Common/function.php 第 501 行.
NOTIC: [8] Undefined variable: addons /var/www/html/myGitRepository/wephp/Application/Common/Common/function.php 第 501 行.
NOTIC: [8] Undefined variable: addons /var/www/html/myGitRepository/wephp/Application/Common/Common/function.php 第 501 行.
NOTIC: [8] Undefined variable: addons /var/www/html/myGitRepository/wephp/Application/Common/Common/function.php 第 501 行.
NOTIC: [8] Undefined variable: addons /var/www/html/myGitRepository/wephp/Application/Common/Common/function.php 第 501 行.
NOTIC: [8] Undefined variable: addons /var/www/html/myGitRepository/wephp/Application/Common/Common/function.php 第 501 行.
NOTIC: [8] Undefined variable: addons /var/www/html/myGitRepository/wephp/Application/Common/Common/function.php 第 501 行.
NOTIC: [8] Undefined variable: addons /var/www/html/myGitRepository/wephp/Application/Common/Common/function.php 第 501 行.
NOTIC: [8] Undefined variable: addons /var/www/html/myGitRepository/wephp/Application/Common/Common/function.php 第 501 行.
NOTIC: [8] Undefined variable: addons /var/www/html/myGitRepository/wephp/Application/Common/Common/function.php 第 501 行.
NOTIC: [8] Undefined variable: addons /var/www/html/myGitRepository/wephp/Application/Common/Common/function.php 第 501 行.
NOTIC: [8] Undefined variable: addons /var/www/html/myGitRepository/wephp/Application/Common/Common/function.php 第 501 行.
NOTIC: [8] Undefined variable: addons /var/www/html/myGitRepository/wephp/Application/Common/Common/function.php 第 501 行.
NOTIC: [8] Undefined variable: addons /var/www/html/myGitRepository/wephp/Application/Common/Common/function.php 第 501 行.
NOTIC: [8] Undefined variable: addons /var/www/html/myGitRepository/wephp/Application/Common/Common/function.php 第 501 行.
NOTIC: [8] Undefined variable: addons /var/www/html/myGitRepository/wephp/Application/Common/Common/function.php 第 501 行.
NOTIC: [8] Undefined variable: addons /var/www/html/myGitRepository/wephp/Application/Common/Common/function.php 第 501 行.
NOTIC: [8] Undefined variable: addons /var/www/html/myGitRepository/wephp/Application/Common/Common/function.php 第 501 行.
NOTIC: [8] Undefined variable: addons /var/www/html/myGitRepository/wephp/Application/Common/Common/function.php 第 501 行.
NOTIC: [8] Undefined variable: addons /var/www/html/myGitRepository/wephp/Application/Common/Common/function.php 第 501 行.
NOTIC: [8] Undefined variable: addons /var/www/html/myGitRepository/wephp/Application/Common/Common/function.php 第 501 行.
NOTIC: [8] Undefined variable: addons /var/www/html/myGitRepository/wephp/Application/Common/Common/function.php 第 501 行.
NOTIC: [8] Undefined variable: addons /var/www/html/myGitRepository/wephp/Application/Common/Common/function.php 第 501 行.
NOTIC: [8] Undefined variable: addons /var/www/html/myGitRepository/wephp/Application/Common/Common/function.php 第 501 行.
NOTIC: [8] Undefined variable: addons /var/www/html/myGitRepository/wephp/Application/Common/Common/function.php 第 501 行.
NOTIC: [8] Undefined variable: addons /var/www/html/myGitRepository/wephp/Application/Common/Common/function.php 第 501 行.
NOTIC: [8] Undefined variable: addons /var/www/html/myGitRepository/wephp/Application/Common/Common/function.php 第 501 行.
NOTIC: [8] Undefined variable: addons /var/www/html/myGitRepository/wephp/Application/Common/Common/function.php 第 501 行.
NOTIC: [8] Undefined variable: addons /var/www/html/myGitRepository/wephp/Application/Common/Common/function.php 第 501 行.
NOTIC: [8] Undefined variable: addons /var/www/html/myGitRepository/wephp/Application/Common/Common/function.php 第 501 行.
NOTIC: [8] Undefined variable: addons /var/www/html/myGitRepository/wephp/Application/Common/Common/function.php 第 501 行.
NOTIC: [8] Undefined variable: addons /var/www/html/myGitRepository/wephp/Application/Common/Common/function.php 第 501 行.
NOTIC: [8] Undefined variable: addons /var/www/html/myGitRepository/wephp/Application/Common/Common/function.php 第 501 行.
NOTIC: [8] Undefined variable: addons /var/www/html/myGitRepository/wephp/Application/Common/Common/function.php 第 501 行.
NOTIC: [8] Undefined variable: addons /var/www/html/myGitRepository/wephp/Application/Common/Common/function.php 第 501 行.
NOTIC: [8] Undefined variable: addons /var/www/html/myGitRepository/wephp/Application/Common/Common/function.php 第 501 行.
NOTIC: [8] Undefined variable: addons /var/www/html/myGitRepository/wephp/Application/Common/Common/function.php 第 501 行.
NOTIC: [8] Undefined variable: addons /var/www/html/myGitRepository/wephp/Application/Common/Common/function.php 第 501 行.
NOTIC: [8] Undefined variable: addons /var/www/html/myGitRepository/wephp/Application/Common/Common/function.php 第 501 行.
NOTIC: [8] Undefined variable: addons /var/www/html/myGitRepository/wephp/Application/Common/Common/function.php 第 501 行.
NOTIC: [8] Undefined variable: addons /var/www/html/myGitRepository/wephp/Application/Common/Common/function.php 第 501 行.
NOTIC: [8] Undefined variable: addons /var/www/html/myGitRepository/wephp/Application/Common/Common/function.php 第 501 行.
NOTIC: [8] Undefined variable: addons /var/www/html/myGitRepository/wephp/Application/Common/Common/function.php 第 501 行.
NOTIC: [8] Undefined variable: addons /var/www/html/myGitRepository/wephp/Application/Common/Common/function.php 第 501 行.
NOTIC: [8] Undefined variable: addons /var/www/html/myGitRepository/wephp/Application/Common/Common/function.php 第 501 行.
NOTIC: [8] Undefined variable: addons /var/www/html/myGitRepository/wephp/Application/Common/Common/function.php 第 501 行.
NOTIC: [8] Undefined variable: addons /var/www/html/myGitRepository/wephp/Application/Common/Common/function.php 第 501 行.
NOTIC: [8] Undefined offset: 14 /var/www/html/myGitRepository/wephp/Application/Common/Model/MenuModel.class.php 第 94 行.
NOTIC: [8] Undefined offset: 14 /var/www/html/myGitRepository/wephp/Application/Common/Model/MenuModel.class.php 第 104 行.
NOTIC: [8] Undefined offset: 60 /var/www/html/myGitRepository/wephp/Application/Common/Model/MenuModel.class.php 第 94 行.
NOTIC: [8] Undefined offset: 60 /var/www/html/myGitRepository/wephp/Application/Common/Model/MenuModel.class.php 第 104 行.
NOTIC: [8] Undefined offset: 14 /var/www/html/myGitRepository/wephp/Application/Common/Model/MenuModel.class.php 第 173 行.
NOTIC: [8] Use of undefined constant website_logo - assumed 'website_logo' /var/www/html/myGitRepository/wephp/Runtime/Cache/Template/9deb91fd42519880803519e14f3c4626.php 第 64 行.
NOTIC: [8] Use of undefined constant mp_id - assumed 'mp_id' /var/www/html/myGitRepository/wephp/Runtime/Cache/Template/9deb91fd42519880803519e14f3c4626.php 第 73 行.
NOTIC: [8] Use of undefined constant headimgurl - assumed 'headimgurl' /var/www/html/myGitRepository/wephp/Runtime/Cache/Template/9deb91fd42519880803519e14f3c4626.php 第 92 行.
NOTIC: [8] Undefined variable: output /var/www/html/myGitRepository/wephp/Application/Common/Common/function.php 第 1644 行.

